Sender: LSF System <lsfadmin@lc01a21>
Subject: Job 62736273: <jacusa-pipeline:jacusa:sample=CASE-NEUAA599TMX-5310-T_P10> in cluster <chimera> Exited

Job <jacusa-pipeline:jacusa:sample=CASE-NEUAA599TMX-5310-T_P10> was submitted from host <lc02a29> by user <egglel01> in cluster <chimera> at Fri Jun 10 14:49:36 2022
Job was executed on host(s) <lc01a21>, in queue <express>, as user <egglel01> in cluster <chimera> at Fri Jun 10 14:49:41 2022
</hpc/users/egglel01> was used as the home directory.
</sc/arion/projects/ad-omics/winston/editing-pipeline/jacusa-pipeline> was used as the working directory.
Started at Fri Jun 10 14:49:41 2022
Terminated at Fri Jun 10 14:49:43 2022
Results reported at Fri Jun 10 14:49:43 2022

Your job looked like:

------------------------------------------------------------
# LSBATCH: User input
#!/bin/sh
# properties = {"type": "single", "rule": "jacusa", "local": false, "input": ["/sc/arion/projects/ad-omics/data/references/editing/hg38-blacklist.v2_sort.bed", "/sc/arion/projects/ad-omics/data/references/GRCh38_references/GRCh38.primary_assembly.genome.fa"], "output": ["/sc/arion/projects/ad-omics/winston/jacusa_workspace/snakemake_testing/CASE-NEUAA599TMX-5310-T_P10.out"], "wildcards": {"sample": "CASE-NEUAA599TMX-5310-T_P10"}, "params": {}, "log": [], "threads": 1, "resources": {"tmpdir": "/tmp"}, "jobid": 6, "cluster": {"queue": "express", "cores": 1, "mem": 3750, "time": "120", "name": "$(basename $(pwd)):jacusa:sample=CASE-NEUAA599TMX-5310-T_P10", "output": "logs/jacusa:sample=CASE-NEUAA599TMX-5310-T_P10.stdout", "error": "logs/jacusa:sample=CASE-NEUAA599TMX-5310-T_P10.stderr", "himem": ""}}
 cd /sc/arion/projects/ad-omics/winston/editing-pipeline/jacusa-pipeline && \
/sc/arion/projects/als-omics/conda/envs/snakemake/bin/python3.6 \
-m snakemake /sc/arion/projects/ad-omics/winston/jacusa_workspace/snakemake_testing/CASE-NEUAA599TMX-5310-T_P10.out --snakefile /sc/arion/projects/ad-omics/winston/editing-pipeline/jacusa-pipeline/jacusa-pipeline.smk \
--force --cores all --keep-target-files --keep-remote --max-inventory-time 0 \
--wait-for-files /sc/arion/projects/ad-omics/winston/editing-pipeline/jacusa-pipeline/.snakemake/tmp.3lkocpjr /sc/arion/projects/ad-omics/data/references/editing/hg38-blacklist.v2_sort.bed /sc/arion/projects/ad-omics/data/references/GRCh38_references/GRCh38.primary_assembly.genome.fa --latency-wait 30 \
 --attempt 3 --force-use-threads --scheduler ilp \
--wrapper-prefix https://github.com/snakemake/snakemake-wrappers/raw/ \
 --configfiles /sc/arion/projects/ad-omics/winston/editing-pipeline/jacusa-pipeline/config.yaml --config mode=False  --allowed-rules jacusa --nocolor --notemp --no-hooks --nolock --scheduler-solver-path /sc/arion/projects/als-omics/conda/envs/snakemake/bin \
--mode 2  --use-conda  --conda-base-path /hpc/packages/minerva-centos7/anaconda3/2020.11  --default-resources "tmpdir=system_tmpdir" 


------------------------------------------------------------

Exited with exit code 1.

Resource usage summary:

    CPU time :                                   1.10 sec.
    Max Memory :                                 35 MB
    Average Memory :                             28.33 MB
    Total Requested Memory :                     3750.00 MB
    Delta Memory :                               3715.00 MB
    Max Swap :                                   -
    Max Processes :                              4
    Max Threads :                                5
    Run time :                                   2 sec.
    Turnaround time :                            7 sec.

The output (if any) follows:



PS:

Read file <cluster/jacusa_sample=CASE-NEUAA599TMX-5310-T_P10.stderr> for stderr output of this job.

