Building DAG of jobs...
Using shell: /usr/bin/bash
Provided cores: 1 (use --cores to define parallelism)
Rules claiming more threads will be scaled down.
Select jobs to execute...

[Fri Jun 10 14:49:43 2022]
rule jacusa:
    input: /sc/arion/projects/ad-omics/data/references/editing/hg38-blacklist.v2_sort.bed, /sc/arion/projects/ad-omics/data/references/GRCh38_references/GRCh38.primary_assembly.genome.fa
    output: /sc/arion/projects/ad-omics/winston/jacusa_workspace/snakemake_testing/CASE-NEUAB000NKC-5726-T_P68.out
    jobid: 0
    wildcards: sample=CASE-NEUAB000NKC-5726-T_P68
    resources: mem_mb=6011, disk_mb=6011, tmpdir=/tmp

[Fri Jun 10 14:49:43 2022]
Error in rule jacusa:
    jobid: 0
    output: /sc/arion/projects/ad-omics/winston/jacusa_workspace/snakemake_testing/CASE-NEUAB000NKC-5726-T_P68.out

Traceback (most recent call last):
  File "/sc/arion/projects/als-omics/conda/envs/snakemake/lib/python3.6/site-packages/snakemake/executors/__init__.py", line 593, in _callback
    raise ex
  File "/sc/arion/projects/als-omics/conda/envs/snakemake/lib/python3.6/concurrent/futures/thread.py", line 56, in run
    result = self.fn(*self.args, **self.kwargs)
  File "/sc/arion/projects/als-omics/conda/envs/snakemake/lib/python3.6/site-packages/snakemake/executors/__init__.py", line 579, in cached_or_run
    run_func(*args)
  File "/sc/arion/projects/als-omics/conda/envs/snakemake/lib/python3.6/site-packages/snakemake/executors/__init__.py", line 2460, in run_wrapper
    raise ex
  File "/sc/arion/projects/als-omics/conda/envs/snakemake/lib/python3.6/site-packages/snakemake/executors/__init__.py", line 2441, in run_wrapper
    runtime_sourcecache_path,
  File "/sc/arion/projects/ad-omics/winston/editing-pipeline/jacusa-pipeline/jacusa-pipeline.smk", line 50, in __rule_jacusa
    shell:
  File "/sc/arion/projects/als-omics/conda/envs/snakemake/lib/python3.6/site-packages/snakemake/shell.py", line 132, in __new__
    cmd = format(cmd, *args, stepout=2, **kwargs)
  File "/sc/arion/projects/als-omics/conda/envs/snakemake/lib/python3.6/site-packages/snakemake/utils.py", line 430, in format
    return fmt.format(_pattern, *args, **variables)
  File "/sc/arion/projects/als-omics/conda/envs/snakemake/lib/python3.6/string.py", line 190, in format
    return self.vformat(format_string, args, kwargs)
  File "/sc/arion/projects/als-omics/conda/envs/snakemake/lib/python3.6/string.py", line 194, in vformat
    result, _ = self._vformat(format_string, args, kwargs, used_args, 2)
  File "/sc/arion/projects/als-omics/conda/envs/snakemake/lib/python3.6/string.py", line 234, in _vformat
    obj, arg_used = self.get_field(field_name, args, kwargs)
  File "/sc/arion/projects/als-omics/conda/envs/snakemake/lib/python3.6/string.py", line 305, in get_field
    obj = getattr(obj, i)
AttributeError: 'InputFiles' object has no attribute 'full_bam'
Shutting down, this might take some time.
Exiting because a job execution failed. Look above for error message
